<?xml version="1.0" encoding="UTF-8"?>
<!-- Generated by org.testng.reporters.JUnitReportReporter -->
<testsuite hostname="DESKTOP-NO6VRSL" failures="0" tests="5" name="mavenTest.mavenTest.AppTest" time="3.151" errors="0" timestamp="2025-04-22T00:04:24 PDT" skipped="0">
  <testcase classname="mavenTest.mavenTest.AppTest" name="login" time="0.452"/>
  <testcase classname="mavenTest.mavenTest.AppTest" name="addItemToThecart" time="0.102"/>
  <testcase classname="mavenTest.mavenTest.AppTest" name="removeItemFromTheCart" time="0.125"/>
  <testcase classname="mavenTest.mavenTest.AppTest" name="Task" time="0.133"/>
  <testcase classname="mavenTest.mavenTest.AppTest" name="Logout" time="2.339"/>
</testsuite> <!-- mavenTest.mavenTest.AppTest -->
